SF:lib\models\message.dart
DA:10,1
DA:18,1
DA:19,1
DA:20,1
DA:21,1
DA:22,2
DA:23,2
DA:24,1
DA:28,1
DA:29,1
DA:30,1
DA:31,1
DA:32,2
DA:33,2
DA:34,1
LF:15
LH:15
end_of_record

SF:lib\models\chat_history.dart
DA:25,1
DA:34,1
DA:35,1
DA:36,1
DA:37,1
DA:38,2
DA:39,1
DA:40,2
DA:41,1
DA:45,1
DA:46,1
DA:47,1
DA:48,1
DA:49,2
DA:50,1
DA:51,1
DA:52,2
DA:54,1
LF:18
LH:18
end_of_record

SF:lib\models\settings.dart
DA:14,1
LF:1
LH:1
end_of_record

SF:lib\models\user_model.dart
DA:16,1
LF:1
LH:1
end_of_record

SF:lib\controllers\chat_controller.dart
DA:36,2
DA:38,0
DA:40,2
DA:42,2
DA:44,2
DA:46,2
DA:51,0
DA:53,0
DA:55,0
DA:56,0
DA:57,0
DA:61,0
DA:63,0
DA:67,0
DA:69,0
DA:71,0
DA:73,0
DA:74,0
DA:75,0
DA:78,0
DA:79,0
DA:84,1
DA:85,1
DA:86,1
DA:91,1
DA:92,1
DA:93,1
DA:97,1
DA:98,1
DA:99,1
DA:103,1
DA:104,1
DA:105,1
DA:111,0
DA:113,0
DA:115,0
DA:118,0
DA:121,0
DA:124,0
DA:127,0
DA:133,0
DA:134,0
DA:135,0
DA:136,0
DA:137,0
DA:143,1
DA:149,0
DA:152,0
DA:154,0
DA:155,0
DA:159,0
DA:162,2
DA:165,1
DA:169,1
DA:174,1
DA:178,1
DA:181,1
DA:182,1
DA:183,4
DA:184,1
DA:189,0
DA:190,0
DA:192,0
DA:193,0
DA:194,0
DA:199,0
DA:200,0
DA:202,0
DA:205,0
DA:206,0
DA:208,0
DA:209,0
DA:214,0
DA:215,0
DA:218,0
DA:221,0
DA:225,0
DA:226,0
DA:228,0
DA:229,0
DA:232,0
DA:233,0
DA:234,0
DA:237,0
DA:238,0
DA:240,0
DA:241,0
DA:246,0
DA:247,0
DA:250,0
DA:253,0
DA:257,0
DA:258,0
DA:260,0
DA:261,0
DA:265,0
DA:266,0
DA:268,0
DA:271,0
DA:274,0
DA:275,0
DA:277,0
DA:278,0
DA:282,0
DA:283,0
DA:285,0
DA:288,2
DA:291,1
DA:296,0
DA:298,0
DA:301,0
DA:304,1
DA:306,2
DA:307,1
DA:324,1
DA:329,1
DA:332,1
DA:334,1
DA:335,1
DA:340,1
DA:341,0
DA:344,0
DA:350,0
DA:354,0
DA:355,0
DA:358,0
DA:359,0
DA:360,0
DA:365,0
DA:367,0
DA:370,0
DA:371,0
DA:373,0
DA:377,0
DA:378,0
DA:380,0
DA:381,0
DA:382,0
DA:384,0
DA:385,0
DA:386,0
DA:388,0
DA:389,0
DA:390,0
LF:144
LH:38
end_of_record

SF:lib\controllers\settings_controller.dart
DA:9,2
DA:11,2
DA:14,0
DA:15,0
DA:18,0
DA:20,0
DA:21,0
DA:22,0
DA:27,0
DA:32,0
DA:33,0
DA:36,0
DA:38,0
DA:39,0
DA:42,0
DA:43,0
DA:47,0
DA:52,0
DA:53,0
DA:56,0
DA:58,0
DA:61,0
DA:62,0
LF:23
LH:2
end_of_record
