SF:lib\models\message.dart
DA:10,1
DA:18,1
DA:19,1
DA:20,1
DA:21,1
DA:22,2
DA:23,2
DA:24,1
DA:28,1
DA:29,1
DA:30,1
DA:31,1
DA:32,2
DA:33,2
DA:34,1
LF:15
LH:15
end_of_record
SF:lib\models\chat_history.dart
DA:25,1
DA:34,1
DA:35,1
DA:36,1
DA:37,1
DA:38,2
DA:39,1
DA:40,2
DA:41,1
DA:45,1
DA:46,1
DA:47,1
DA:48,1
DA:49,2
DA:50,1
DA:51,1
DA:52,2
DA:54,1
LF:18
LH:18
end_of_record
SF:lib\models\chat_history.g.dart
DA:13,0
DA:15,0
DA:16,0
DA:17,0
DA:19,0
DA:20,0
DA:21,0
DA:22,0
DA:23,0
DA:24,0
DA:25,0
DA:29,0
DA:32,0
DA:33,0
DA:34,0
DA:35,0
DA:36,0
DA:37,0
DA:38,0
DA:39,0
DA:40,0
DA:41,0
DA:42,0
DA:43,0
DA:44,0
DA:47,0
DA:48,0
DA:50,0
DA:53,0
DA:54,0
DA:55,0
LF:31
LH:0
end_of_record
SF:lib\models\settings.dart
DA:14,1
LF:1
LH:1
end_of_record
SF:lib\models\settings.g.dart
DA:13,0
DA:15,0
DA:16,0
DA:17,0
DA:19,0
DA:20,0
DA:21,0
DA:25,0
DA:28,0
DA:29,0
DA:30,0
DA:31,0
DA:32,0
DA:35,0
DA:36,0
DA:38,0
DA:41,0
DA:42,0
DA:43,0
LF:19
LH:0
end_of_record
SF:lib\models\user_model.g.dart
DA:13,0
DA:15,0
DA:16,0
DA:17,0
DA:19,0
DA:20,0
DA:21,0
DA:22,0
DA:26,0
DA:29,0
DA:30,0
DA:31,0
DA:32,0
DA:33,0
DA:34,0
DA:35,0
DA:38,0
DA:39,0
DA:41,0
DA:44,0
DA:45,0
DA:46,0
LF:22
LH:0
end_of_record
SF:lib\models\user_model.dart
DA:16,1
LF:1
LH:1
end_of_record
SF:lib\controllers\chat_controller.dart
DA:36,2
DA:38,0
DA:40,2
DA:42,2
DA:44,2
DA:46,2
DA:51,0
DA:53,0
DA:55,0
DA:56,0
DA:57,0
DA:61,0
DA:63,0
DA:67,0
DA:69,0
DA:71,0
DA:73,0
DA:74,0
DA:75,0
DA:78,0
DA:79,0
DA:84,1
DA:85,1
DA:86,1
DA:91,1
DA:92,1
DA:93,1
DA:97,1
DA:98,1
DA:99,1
DA:103,1
DA:104,1
DA:105,1
DA:111,0
DA:113,0
DA:115,0
DA:118,0
DA:121,0
DA:124,0
DA:127,0
DA:133,0
DA:134,0
DA:135,0
DA:136,0
DA:137,0
DA:143,1
DA:149,0
DA:152,0
DA:154,0
DA:155,0
DA:159,0
DA:162,2
DA:165,1
DA:169,1
DA:174,1
DA:178,1
DA:181,1
DA:182,1
DA:183,4
DA:184,1
DA:189,0
DA:190,0
DA:192,0
DA:193,0
DA:194,0
DA:199,0
DA:200,0
DA:202,0
DA:205,0
DA:206,0
DA:208,0
DA:209,0
DA:214,0
DA:215,0
DA:218,0
DA:221,0
DA:225,0
DA:226,0
DA:228,0
DA:229,0
DA:232,0
DA:233,0
DA:234,0
DA:237,0
DA:238,0
DA:240,0
DA:241,0
DA:246,0
DA:247,0
DA:250,0
DA:253,0
DA:257,0
DA:258,0
DA:260,0
DA:261,0
DA:265,0
DA:266,0
DA:268,0
DA:271,0
DA:274,0
DA:275,0
DA:277,0
DA:278,0
DA:282,0
DA:283,0
DA:285,0
DA:288,2
DA:291,1
DA:296,0
DA:298,0
DA:301,0
DA:304,1
DA:306,2
DA:307,1
DA:324,1
DA:329,1
DA:332,1
DA:334,1
DA:335,1
DA:340,1
DA:341,0
DA:344,0
DA:350,0
DA:354,0
DA:355,0
DA:358,0
DA:359,0
DA:360,0
DA:365,0
DA:367,0
DA:370,0
DA:371,0
DA:373,0
DA:377,0
DA:378,0
DA:380,0
DA:381,0
DA:382,0
DA:384,0
DA:385,0
DA:386,0
DA:388,0
DA:389,0
DA:390,0
LF:144
LH:38
end_of_record
SF:lib\controllers\settings_controller.dart
DA:9,2
DA:11,2
DA:14,0
DA:15,0
DA:18,0
DA:20,0
DA:21,0
DA:22,0
DA:27,0
DA:32,0
DA:33,0
DA:36,0
DA:38,0
DA:39,0
DA:42,0
DA:43,0
DA:47,0
DA:52,0
DA:53,0
DA:56,0
DA:58,0
DA:61,0
DA:62,0
LF:23
LH:2
end_of_record
SF:lib\views\chat\widgets\boxes.dart
DA:9,1
DA:10,2
DA:13,0
DA:16,0
DA:17,0
LF:5
LH:2
end_of_record
SF:lib\main.dart
DA:12,0
DA:13,0
DA:16,0
DA:19,0
DA:21,0
DA:22,0
DA:23,0
DA:24,0
DA:26,0
DA:32,0
DA:33,0
DA:37,0
DA:39,0
DA:40,0
DA:43,0
DA:44,0
DA:45,0
DA:48,0
DA:50,0
DA:53,0
LF:20
LH:0
end_of_record
SF:lib\views\home_screen.dart
DA:11,1
DA:13,0
DA:14,0
DA:26,0
DA:28,0
DA:29,0
DA:30,0
DA:31,0
DA:32,0
DA:33,0
DA:34,0
DA:35,0
DA:38,0
DA:39,0
DA:41,0
DA:42,0
DA:43,0
DA:44,0
DA:45,0
DA:46,0
LF:20
LH:1
end_of_record
SF:lib\themes\my_theme.dart
DA:4,0
DA:6,0
DA:14,0
DA:16,0
LF:4
LH:0
end_of_record
SF:lib\utility\animated_dialog.dart
DA:4,0
DA:11,0
DA:16,0
DA:17,0
DA:19,0
DA:20,0
DA:21,0
DA:22,0
DA:24,0
DA:25,0
DA:29,0
DA:33,0
DA:34,0
DA:35,0
DA:36,0
DA:37,0
DA:40,0
DA:41,0
DA:42,0
DA:43,0
DA:45,0
LF:21
LH:0
end_of_record
SF:lib\views\chat\chat_history_screen.dart
DA:9,1
DA:11,0
DA:12,0
DA:16,0
DA:18,0
DA:19,0
DA:20,0
DA:24,0
DA:25,0
DA:26,0
DA:28,0
DA:29,0
DA:31,0
DA:33,0
DA:34,0
DA:35,0
DA:36,0
DA:37,0
LF:18
LH:1
end_of_record
SF:lib\views\chat\widgets\chat_history_widget.dart
DA:11,0
DA:13,0
DA:15,0
DA:17,0
DA:20,0
DA:22,0
DA:23,0
DA:26,0
DA:28,0
DA:29,0
DA:30,0
DA:31,0
DA:35,0
DA:36,0
DA:37,0
DA:42,0
DA:44,0
DA:45,0
DA:47,0
DA:49,0
DA:51,0
DA:54,0
DA:55,0
DA:56,0
DA:59,0
DA:60,0
DA:62,0
DA:63,0
DA:74,0
DA:75,0
DA:76,0
DA:77,0
DA:78,0
LF:33
LH:0
end_of_record
SF:lib\views\chat\widgets\empty_history_widget.dart
DA:7,1
DA:9,0
DA:11,0
DA:12,0
DA:13,0
DA:15,0
DA:17,0
DA:21,0
DA:22,0
DA:24,0
DA:26,0
DA:44,0
DA:45,0
DA:47,0
DA:49,0
DA:53,0
DA:54,0
LF:17
LH:1
end_of_record
SF:lib\views\chat\chat_screen.dart
DA:10,2
DA:12,0
DA:13,0
DA:20,0
DA:22,0
DA:23,0
DA:26,0
DA:27,0
DA:28,0
DA:29,0
DA:30,0
DA:31,0
DA:39,0
DA:41,0
DA:42,0
DA:43,0
DA:44,0
DA:48,0
DA:49,0
DA:50,0
DA:54,0
DA:55,0
DA:56,0
DA:59,0
DA:60,0
DA:61,0
DA:63,0
DA:64,0
DA:66,0
DA:68,0
DA:73,0
DA:76,0
DA:87,0
DA:88,0
DA:90,0
DA:91,0
DA:92,0
DA:93,0
DA:97,0
DA:98,0
DA:104,0
LF:41
LH:1
end_of_record
SF:lib\views\chat\widgets\bottom_chat_field.dart
DA:9,0
DA:16,0
DA:17,0
DA:27,0
DA:29,0
DA:30,0
DA:31,0
DA:34,0
DA:40,0
DA:45,0
DA:51,0
DA:52,0
DA:55,0
DA:56,0
DA:60,0
DA:62,0
DA:63,0
DA:64,0
DA:65,0
DA:73,0
DA:75,0
DA:76,0
DA:77,0
DA:78,0
DA:79,0
DA:80,0
DA:83,0
DA:84,0
DA:86,0
DA:87,0
DA:88,0
DA:89,0
DA:91,0
DA:93,0
DA:94,0
DA:96,0
DA:97,0
DA:98,0
DA:103,0
DA:105,0
DA:107,0
DA:111,0
DA:112,0
DA:114,0
DA:115,0
DA:117,0
DA:118,0
DA:119,0
DA:124,0
DA:125,0
DA:127,0
LF:51
LH:0
end_of_record
SF:lib\views\chat\widgets\chat_messages.dart
DA:8,0
DA:17,0
DA:19,0
DA:20,0
DA:21,0
DA:22,0
DA:24,0
DA:25,0
DA:27,0
DA:28,0
LF:10
LH:0
end_of_record
SF:lib\views\chat\widgets\assistant_message_widget.dart
DA:6,0
DA:13,0
DA:15,0
DA:17,0
DA:18,0
DA:19,0
DA:21,0
DA:22,0
DA:23,0
DA:27,0
DA:35,0
DA:37,0
LF:12
LH:0
end_of_record
SF:lib\views\chat\widgets\my_message_widget.dart
DA:6,0
DA:13,0
DA:15,0
DA:17,0
DA:18,0
DA:19,0
DA:21,0
DA:22,0
DA:23,0
DA:27,0
DA:28,0
DA:29,0
DA:31,0
LF:13
LH:0
end_of_record
SF:lib\views\feedback_screen.dart
DA:5,1
DA:7,0
DA:8,0
DA:17,0
DA:19,0
DA:20,0
DA:21,0
DA:24,0
DA:26,0
DA:27,0
DA:36,0
DA:37,0
DA:46,0
DA:47,0
DA:51,0
DA:52,0
DA:53,0
DA:54,0
DA:55,0
DA:58,0
DA:65,0
DA:66,0
DA:67,0
DA:68,0
DA:71,0
DA:72,0
DA:73,0
DA:78,0
DA:79,0
DA:84,0
DA:86,0
DA:87,0
DA:90,0
DA:92,0
DA:93,0
DA:95,0
DA:97,0
DA:98,0
DA:100,0
DA:106,0
DA:108,0
DA:113,0
DA:115,0
DA:116,0
DA:117,0
DA:118,0
DA:121,0
DA:122,0
DA:123,0
DA:131,0
DA:132,0
DA:133,0
DA:135,0
DA:136,0
DA:139,0
DA:144,0
DA:145,0
DA:147,0
DA:149,0
DA:150,0
DA:153,0
DA:158,0
DA:159,0
DA:160,0
DA:163,0
DA:164,0
DA:167,0
LF:67
LH:1
end_of_record
SF:lib\views\profile\profile_screen.dart
DA:14,1
DA:16,0
DA:17,0
DA:25,0
DA:27,0
DA:28,0
DA:31,0
DA:42,0
DA:47,0
DA:48,0
DA:49,0
DA:50,0
DA:59,0
DA:60,0
DA:61,0
DA:75,0
DA:76,0
DA:77,0
DA:78,0
DA:79,0
DA:80,0
DA:82,0
DA:87,0
DA:89,0
DA:90,0
DA:98,0
DA:99,0
DA:100,0
DA:102,0
DA:103,0
DA:107,0
DA:108,0
DA:110,0
DA:111,0
LF:34
LH:1
end_of_record
SF:lib\views\profile\widgets\build_display_image.dart
DA:5,1
DA:12,0
DA:14,0
DA:15,0
DA:16,0
DA:18,0
DA:19,0
LF:7
LH:1
end_of_record
SF:lib\views\profile\widgets\settings_tile.dart
DA:4,0
DA:17,0
DA:19,0
DA:20,0
DA:21,0
DA:22,0
DA:24,0
DA:26,0
DA:28,0
DA:29,0
DA:33,0
DA:34,0
DA:35,0
DA:36,0
LF:14
LH:0
end_of_record
